{"/home/vmatheu/repo/pruebas/walmark-shopping-webapp/src/App.js": {"path":"/home/vmatheu/repo/pruebas/walmark-shopping-webapp/src/App.js","statementMap":{"0":{"start":{"line":4,"column":12},"end":{"line":6,"column":1}},"1":{"start":{"line":5,"column":2},"end":{"line":5,"column":19}}},"fnMap":{"0":{"name":"(anonymous_0)","decl":{"start":{"line":4,"column":12},"end":{"line":4,"column":13}},"loc":{"start":{"line":5,"column":2},"end":{"line":5,"column":19}},"line":5}},"branchMap":{},"s":{"0":1,"1":1},"f":{"0":1},"b":{},"_coverageSchema":"43e27e138ebf9cfc5966b082cf9a028302ed4184","hash":"fa6d21f59b2760c3804dff8c685a01acb32f6efa"}
,"/home/vmatheu/repo/pruebas/walmark-shopping-webapp/src/index.js": {"path":"/home/vmatheu/repo/pruebas/walmark-shopping-webapp/src/index.js","statementMap":{"0":{"start":{"line":6,"column":0},"end":{"line":9,"column":2}}},"fnMap":{},"branchMap":{},"s":{"0":0},"f":{},"b":{},"hash":"192c2e35bea0fe529d989dde88e7c9d28c5682c3"}
,"/home/vmatheu/repo/pruebas/walmark-shopping-webapp/src/components/Loading/index.js": {"path":"/home/vmatheu/repo/pruebas/walmark-shopping-webapp/src/components/Loading/index.js","statementMap":{"0":{"start":{"line":5,"column":16},"end":{"line":18,"column":1}},"1":{"start":{"line":6,"column":2},"end":{"line":16,"column":3}},"2":{"start":{"line":7,"column":4},"end":{"line":15,"column":6}},"3":{"start":{"line":17,"column":2},"end":{"line":17,"column":17}},"4":{"start":{"line":20,"column":0},"end":{"line":22,"column":2}},"5":{"start":{"line":24,"column":0},"end":{"line":26,"column":2}}},"fnMap":{"0":{"name":"(anonymous_0)","decl":{"start":{"line":5,"column":16},"end":{"line":5,"column":17}},"loc":{"start":{"line":5,"column":33},"end":{"line":18,"column":1}},"line":5}},"branchMap":{"0":{"loc":{"start":{"line":6,"column":2},"end":{"line":16,"column":3}},"type":"if","locations":[{"start":{"line":6,"column":2},"end":{"line":16,"column":3}},{"start":{"line":6,"column":2},"end":{"line":16,"column":3}}],"line":6}},"s":{"0":3,"1":2,"2":1,"3":1,"4":3,"5":3},"f":{"0":2},"b":{"0":[1,1]},"_coverageSchema":"43e27e138ebf9cfc5966b082cf9a028302ed4184","hash":"08e6abf3e0c8145f892bc55a71f473304e3719c6"}
,"/home/vmatheu/repo/pruebas/walmark-shopping-webapp/src/components/ProductList/index.js": {"path":"/home/vmatheu/repo/pruebas/walmark-shopping-webapp/src/components/ProductList/index.js","statementMap":{"0":{"start":{"line":5,"column":20},"end":{"line":25,"column":1}},"1":{"start":{"line":6,"column":2},"end":{"line":24,"column":8}},"2":{"start":{"line":8,"column":6},"end":{"line":22,"column":12}},"3":{"start":{"line":27,"column":0},"end":{"line":29,"column":2}}},"fnMap":{"0":{"name":"(anonymous_0)","decl":{"start":{"line":5,"column":20},"end":{"line":5,"column":21}},"loc":{"start":{"line":6,"column":2},"end":{"line":24,"column":8}},"line":6},"1":{"name":"(anonymous_1)","decl":{"start":{"line":7,"column":18},"end":{"line":7,"column":19}},"loc":{"start":{"line":8,"column":6},"end":{"line":22,"column":12}},"line":8}},"branchMap":{"0":{"loc":{"start":{"line":13,"column":12},"end":{"line":18,"column":79}},"type":"cond-expr","locations":[{"start":{"line":14,"column":12},"end":{"line":17,"column":18}},{"start":{"line":18,"column":12},"end":{"line":18,"column":79}}],"line":13}},"s":{"0":3,"1":2,"2":6,"3":3},"f":{"0":2,"1":6},"b":{"0":[0,6]},"_coverageSchema":"43e27e138ebf9cfc5966b082cf9a028302ed4184","hash":"a34110e9bc5e03a7004ccd44a8e5cab202d11d96"}
,"/home/vmatheu/repo/pruebas/walmark-shopping-webapp/src/components/SearchProduct/constants.js": {"path":"/home/vmatheu/repo/pruebas/walmark-shopping-webapp/src/components/SearchProduct/constants.js","statementMap":{"0":{"start":{"line":1,"column":40},"end":{"line":1,"column":115}}},"fnMap":{},"branchMap":{},"s":{"0":3},"f":{},"b":{},"_coverageSchema":"43e27e138ebf9cfc5966b082cf9a028302ed4184","hash":"d93d873de0d0e3eaf36c00fcdb5e8d50066e7a27"}
,"/home/vmatheu/repo/pruebas/walmark-shopping-webapp/src/components/SearchProduct/index.js": {"path":"/home/vmatheu/repo/pruebas/walmark-shopping-webapp/src/components/SearchProduct/index.js","statementMap":{"0":{"start":{"line":7,"column":23},"end":{"line":7,"column":67}},"1":{"start":{"line":7,"column":37},"end":{"line":7,"column":65}},"2":{"start":{"line":8,"column":28},"end":{"line":8,"column":82}},"3":{"start":{"line":8,"column":42},"end":{"line":8,"column":80}},"4":{"start":{"line":9,"column":23},"end":{"line":9,"column":90}},"5":{"start":{"line":9,"column":36},"end":{"line":9,"column":89}},"6":{"start":{"line":11,"column":24},"end":{"line":19,"column":1}},"7":{"start":{"line":12,"column":2},"end":{"line":18,"column":3}},"8":{"start":{"line":13,"column":4},"end":{"line":13,"column":49}},"9":{"start":{"line":14,"column":17},"end":{"line":14,"column":79}},"10":{"start":{"line":15,"column":4},"end":{"line":15,"column":52}},"11":{"start":{"line":17,"column":4},"end":{"line":17,"column":50}},"12":{"start":{"line":21,"column":29},"end":{"line":43,"column":1}},"13":{"start":{"line":22,"column":30},"end":{"line":22,"column":72}},"14":{"start":{"line":23,"column":2},"end":{"line":42,"column":10}},"15":{"start":{"line":35,"column":26},"end":{"line":35,"column":68}}},"fnMap":{"0":{"name":"(anonymous_0)","decl":{"start":{"line":7,"column":23},"end":{"line":7,"column":24}},"loc":{"start":{"line":7,"column":37},"end":{"line":7,"column":65}},"line":7},"1":{"name":"(anonymous_1)","decl":{"start":{"line":8,"column":28},"end":{"line":8,"column":29}},"loc":{"start":{"line":8,"column":42},"end":{"line":8,"column":80}},"line":8},"2":{"name":"(anonymous_2)","decl":{"start":{"line":9,"column":23},"end":{"line":9,"column":24}},"loc":{"start":{"line":9,"column":36},"end":{"line":9,"column":89}},"line":9},"3":{"name":"(anonymous_3)","decl":{"start":{"line":11,"column":24},"end":{"line":11,"column":25}},"loc":{"start":{"line":11,"column":55},"end":{"line":19,"column":1}},"line":11},"4":{"name":"(anonymous_4)","decl":{"start":{"line":21,"column":29},"end":{"line":21,"column":30}},"loc":{"start":{"line":21,"column":35},"end":{"line":43,"column":1}},"line":21},"5":{"name":"(anonymous_5)","decl":{"start":{"line":35,"column":20},"end":{"line":35,"column":21}},"loc":{"start":{"line":35,"column":26},"end":{"line":35,"column":68}},"line":35}},"branchMap":{"0":{"loc":{"start":{"line":9,"column":36},"end":{"line":9,"column":89}},"type":"binary-expr","locations":[{"start":{"line":9,"column":36},"end":{"line":9,"column":63}},{"start":{"line":9,"column":67},"end":{"line":9,"column":89}}],"line":9},"1":{"loc":{"start":{"line":12,"column":2},"end":{"line":18,"column":3}},"type":"if","locations":[{"start":{"line":12,"column":2},"end":{"line":18,"column":3}},{"start":{"line":12,"column":2},"end":{"line":18,"column":3}}],"line":12}},"s":{"0":2,"1":3,"2":2,"3":6,"4":2,"5":6,"6":2,"7":6,"8":4,"9":4,"10":4,"11":2,"12":2,"13":1,"14":1,"15":0},"f":{"0":3,"1":6,"2":6,"3":6,"4":1,"5":0},"b":{"0":[6,3],"1":[4,2]},"_coverageSchema":"43e27e138ebf9cfc5966b082cf9a028302ed4184","hash":"fea3cc52938a15fe8669bc0648e406ce47afcabc"}
,"/home/vmatheu/repo/pruebas/walmark-shopping-webapp/src/components/SearchProduct/services/productService.js": {"path":"/home/vmatheu/repo/pruebas/walmark-shopping-webapp/src/components/SearchProduct/services/productService.js","statementMap":{"0":{"start":{"line":5,"column":35},"end":{"line":12,"column":1}},"1":{"start":{"line":7,"column":15},"end":{"line":9,"column":25}},"2":{"start":{"line":8,"column":23},"end":{"line":8,"column":36}},"3":{"start":{"line":9,"column":21},"end":{"line":9,"column":23}},"4":{"start":{"line":11,"column":2},"end":{"line":11,"column":14}}},"fnMap":{"0":{"name":"(anonymous_0)","decl":{"start":{"line":5,"column":35},"end":{"line":5,"column":36}},"loc":{"start":{"line":5,"column":53},"end":{"line":12,"column":1}},"line":5},"1":{"name":"(anonymous_1)","decl":{"start":{"line":8,"column":10},"end":{"line":8,"column":11}},"loc":{"start":{"line":8,"column":23},"end":{"line":8,"column":36}},"line":8},"2":{"name":"(anonymous_2)","decl":{"start":{"line":9,"column":11},"end":{"line":9,"column":12}},"loc":{"start":{"line":9,"column":21},"end":{"line":9,"column":23}},"line":9}},"branchMap":{},"s":{"0":3,"1":1,"2":1,"3":1,"4":1},"f":{"0":1,"1":1,"2":1},"b":{},"_coverageSchema":"43e27e138ebf9cfc5966b082cf9a028302ed4184","hash":"364da3dfcade5633bccc277fcf24ae57aa33f58e"}
}
